INFO 2024-06-21 20:48:42 _internal.py: 97]  * Restarting with watchdog (windowsapi)
DEBUG 2024-06-21 20:48:46 cmd.py: 1253] Popen(['git', 'version'], cwd=E:\Aiwi\Common\project3, stdin=None, shell=False, universal_newlines=False)
DEBUG 2024-06-21 20:48:46 cmd.py: 1253] Popen(['git', 'version'], cwd=E:\Aiwi\Common\project3, stdin=None, shell=False, universal_newlines=False)
DEBUG 2024-06-21 20:48:46 auth.py: 50] Trying paths: ['C:\\Users\\Hp\\.docker\\config.json', 'C:\\Users\\Hp\\.dockercfg']
DEBUG 2024-06-21 20:48:46 auth.py: 54] Found file at path: C:\Users\Hp\.docker\config.json
DEBUG 2024-06-21 20:48:46 auth.py: 242] Found 'credsStore' section
WARNING 2024-06-21 20:48:49 _internal.py: 97]  * Debugger is active!
INFO 2024-06-21 20:48:49 _internal.py: 97]  * Debugger PIN: 280-840-987
INFO 2024-06-21 20:48:49 _internal.py: 97] 127.0.0.1 - - [21/Jun/2024 20:48:49] "POST /evaluate HTTP/1.1" 200 -
INFO 2024-06-21 20:49:21 _internal.py: 97]  * Detected change in 'E:\\Aiwi\\Common\\project3\\api_usage\\face_alignment.py', reloading
INFO 2024-06-21 20:49:21 _internal.py: 97]  * Detected change in 'E:\\Aiwi\\Common\\project3\\api_usage\\face_crop.py', reloading
INFO 2024-06-21 20:49:21 _internal.py: 97]  * Detected change in 'E:\\Aiwi\\Common\\project3\\api_usage\\face_detect.py', reloading
INFO 2024-06-21 20:49:21 _internal.py: 97]  * Detected change in 'E:\\Aiwi\\Common\\project3\\api_usage\\face_feature.py', reloading
INFO 2024-06-21 20:49:21 _internal.py: 97]  * Detected change in 'E:\\Aiwi\\Common\\project3\\api_usage\\face_parsing.py', reloading
INFO 2024-06-21 20:49:21 _internal.py: 97]  * Detected change in 'E:\\Aiwi\\Common\\project3\\api_usage\\face_pipline.py', reloading
INFO 2024-06-21 20:49:21 _internal.py: 97]  * Detected change in 'E:\\Aiwi\\Common\\project3\\backbone\\AttentionNets.py', reloading
INFO 2024-06-21 20:49:21 _internal.py: 97]  * Detected change in 'E:\\Aiwi\\Common\\project3\\backbone\\EfficientNets.py', reloading
INFO 2024-06-21 20:49:21 _internal.py: 97]  * Detected change in 'E:\\Aiwi\\Common\\project3\\backbone\\GhostNet.py', reloading
INFO 2024-06-21 20:49:21 _internal.py: 97]  * Detected change in 'E:\\Aiwi\\Common\\project3\\backbone\\HRNet.py', reloading
INFO 2024-06-21 20:49:21 _internal.py: 97]  * Detected change in 'E:\\Aiwi\\Common\\project3\\backbone\\LightCNN.py', reloading
INFO 2024-06-21 20:49:21 _internal.py: 97]  * Detected change in 'E:\\Aiwi\\Common\\project3\\backbone\\MobileFaceNets.py', reloading
INFO 2024-06-21 20:49:21 _internal.py: 97]  * Detected change in 'E:\\Aiwi\\Common\\project3\\backbone\\RepVGG.py', reloading
INFO 2024-06-21 20:49:21 _internal.py: 97]  * Detected change in 'E:\\Aiwi\\Common\\project3\\backbone\\ResNets.py', reloading
INFO 2024-06-21 20:49:21 _internal.py: 97]  * Detected change in 'E:\\Aiwi\\Common\\project3\\backbone\\Swin_Transformer.py', reloading
INFO 2024-06-21 20:49:21 _internal.py: 97]  * Detected change in 'E:\\Aiwi\\Common\\project3\\backbone\\TF_NAS.py', reloading
INFO 2024-06-21 20:49:21 _internal.py: 97]  * Detected change in 'E:\\Aiwi\\Common\\project3\\backbone\\backbone_def - Copy.py', reloading
INFO 2024-06-21 20:49:21 _internal.py: 97]  * Detected change in 'E:\\Aiwi\\Common\\project3\\backbone\\backbone_def.py', reloading
INFO 2024-06-21 20:49:21 _internal.py: 97]  * Detected change in 'E:\\Aiwi\\Common\\project3\\backbone\\resnest\\__init__.py', reloading
INFO 2024-06-21 20:49:21 _internal.py: 97]  * Detected change in 'E:\\Aiwi\\Common\\project3\\backbone\\resnest\\ablation.py', reloading
INFO 2024-06-21 20:49:21 _internal.py: 97]  * Detected change in 'E:\\Aiwi\\Common\\project3\\backbone\\resnest\\resnest.py', reloading
INFO 2024-06-21 20:49:21 _internal.py: 97]  * Detected change in 'E:\\Aiwi\\Common\\project3\\backbone\\resnest\\resnet.py', reloading
INFO 2024-06-21 20:49:21 _internal.py: 97]  * Detected change in 'E:\\Aiwi\\Common\\project3\\backbone\\resnest\\splat.py', reloading
INFO 2024-06-21 20:49:21 _internal.py: 97]  * Detected change in 'E:\\Aiwi\\Common\\project3\\core\\image_cropper\\BaseImageCropper.py', reloading
INFO 2024-06-21 20:49:21 _internal.py: 97]  * Detected change in 'E:\\Aiwi\\Common\\project3\\core\\image_cropper\\arcface_cropper\\FaceRecImageCropper.py', reloading
INFO 2024-06-21 20:49:21 _internal.py: 97]  * Detected change in 'E:\\Aiwi\\Common\\project3\\core\\model_handler\\BaseModelHandler.py', reloading
INFO 2024-06-21 20:49:21 _internal.py: 97]  * Detected change in 'E:\\Aiwi\\Common\\project3\\core\\model_handler\\face_alignment\\FaceAlignModelHandler.py', reloading
INFO 2024-06-21 20:49:21 _internal.py: 97]  * Detected change in 'E:\\Aiwi\\Common\\project3\\core\\model_handler\\face_detection\\FaceDetModelHandler.py', reloading
INFO 2024-06-21 20:49:21 _internal.py: 97]  * Detected change in 'E:\\Aiwi\\Common\\project3\\core\\model_handler\\face_parsing\\FaceParsingModelHandler.py', reloading
INFO 2024-06-21 20:49:21 _internal.py: 97]  * Detected change in 'E:\\Aiwi\\Common\\project3\\core\\model_handler\\face_recognition\\FaceRecModelHandler.py', reloading
INFO 2024-06-21 20:49:21 _internal.py: 97]  * Detected change in 'E:\\Aiwi\\Common\\project3\\core\\model_loader\\BaseModelLoader.py', reloading
INFO 2024-06-21 20:49:21 _internal.py: 97]  * Detected change in 'E:\\Aiwi\\Common\\project3\\core\\model_loader\\face_alignment\\FaceAlignModelLoader.py', reloading
INFO 2024-06-21 20:49:21 _internal.py: 97]  * Detected change in 'E:\\Aiwi\\Common\\project3\\core\\model_loader\\face_detection\\FaceDetModelLoader.py', reloading
INFO 2024-06-21 20:49:21 _internal.py: 97]  * Detected change in 'E:\\Aiwi\\Common\\project3\\core\\model_loader\\face_parsing\\FaceParsingModelLoader.py', reloading
INFO 2024-06-21 20:49:21 _internal.py: 97]  * Detected change in 'E:\\Aiwi\\Common\\project3\\core\\model_loader\\face_recognition\\FaceRecModelLoader.py', reloading
INFO 2024-06-21 20:49:21 _internal.py: 97]  * Detected change in 'E:\\Aiwi\\Common\\project3\\factor\\FaceX-Zoo\\backbone\\resnet50.py', reloading
INFO 2024-06-21 20:49:21 _internal.py: 97]  * Detected change in 'E:\\Aiwi\\Common\\project3\\factor\\FaceX-Zoo\\data_processor\\test_dataset.py', reloading
INFO 2024-06-21 20:49:21 _internal.py: 97]  * Detected change in 'E:\\Aiwi\\Common\\project3\\factor\\FaceX-Zoo\\face_sdk\\extract_feature.py', reloading
INFO 2024-06-21 20:49:21 _internal.py: 97]  * Detected change in 'E:\\Aiwi\\Common\\project3\\factor\\FaceX-Zoo\\test_protocol\\eval.py', reloading
INFO 2024-06-21 20:49:21 _internal.py: 97]  * Detected change in 'E:\\Aiwi\\Common\\project3\\factor\\FaceX-Zoo\\test_protocol\\extract.py', reloading
INFO 2024-06-21 20:49:23 _internal.py: 97]  * Restarting with watchdog (windowsapi)
DEBUG 2024-06-21 20:49:29 cmd.py: 1253] Popen(['git', 'version'], cwd=E:\Aiwi\Common\project3, stdin=None, shell=False, universal_newlines=False)
DEBUG 2024-06-21 20:49:29 cmd.py: 1253] Popen(['git', 'version'], cwd=E:\Aiwi\Common\project3, stdin=None, shell=False, universal_newlines=False)
DEBUG 2024-06-21 20:49:29 auth.py: 50] Trying paths: ['C:\\Users\\Hp\\.docker\\config.json', 'C:\\Users\\Hp\\.dockercfg']
DEBUG 2024-06-21 20:49:29 auth.py: 54] Found file at path: C:\Users\Hp\.docker\config.json
DEBUG 2024-06-21 20:49:29 auth.py: 242] Found 'credsStore' section
WARNING 2024-06-21 20:49:33 _internal.py: 97]  * Debugger is active!
INFO 2024-06-21 20:49:33 _internal.py: 97]  * Debugger PIN: 280-840-987
INFO 2024-06-21 20:50:26 _internal.py: 97] 127.0.0.1 - - [21/Jun/2024 20:50:26] "GET /get_all_files HTTP/1.1" 200 -
INFO 2024-06-21 20:56:25 _internal.py: 97]  * Detected change in 'E:\\myenv\\Lib\\site-packages\\requests\\models.py', reloading
INFO 2024-06-21 20:56:26 _internal.py: 97]  * Restarting with watchdog (windowsapi)
DEBUG 2024-06-21 20:56:32 cmd.py: 1253] Popen(['git', 'version'], cwd=E:\Aiwi\Common\project3, stdin=None, shell=False, universal_newlines=False)
DEBUG 2024-06-21 20:56:32 cmd.py: 1253] Popen(['git', 'version'], cwd=E:\Aiwi\Common\project3, stdin=None, shell=False, universal_newlines=False)
DEBUG 2024-06-21 20:56:32 auth.py: 50] Trying paths: ['C:\\Users\\Hp\\.docker\\config.json', 'C:\\Users\\Hp\\.dockercfg']
DEBUG 2024-06-21 20:56:32 auth.py: 54] Found file at path: C:\Users\Hp\.docker\config.json
DEBUG 2024-06-21 20:56:32 auth.py: 242] Found 'credsStore' section
WARNING 2024-06-21 20:56:36 _internal.py: 97]  * Debugger is active!
INFO 2024-06-21 20:56:36 _internal.py: 97]  * Debugger PIN: 280-840-987
INFO 2024-06-21 21:00:05 _internal.py: 97]  * Detected change in 'E:\\Aiwi\\Common\\project3\\app.py', reloading
INFO 2024-06-21 21:00:05 _internal.py: 97]  * Detected change in 'E:\\Aiwi\\Common\\project3\\app.py', reloading
INFO 2024-06-21 21:00:05 _internal.py: 97]  * Detected change in 'E:\\Aiwi\\Common\\project3\\app.py', reloading
INFO 2024-06-21 21:00:06 _internal.py: 97]  * Restarting with watchdog (windowsapi)
DEBUG 2024-06-21 21:00:11 cmd.py: 1253] Popen(['git', 'version'], cwd=E:\Aiwi\Common\project3, stdin=None, shell=False, universal_newlines=False)
DEBUG 2024-06-21 21:00:11 cmd.py: 1253] Popen(['git', 'version'], cwd=E:\Aiwi\Common\project3, stdin=None, shell=False, universal_newlines=False)
DEBUG 2024-06-21 21:00:11 auth.py: 50] Trying paths: ['C:\\Users\\Hp\\.docker\\config.json', 'C:\\Users\\Hp\\.dockercfg']
DEBUG 2024-06-21 21:00:11 auth.py: 54] Found file at path: C:\Users\Hp\.docker\config.json
DEBUG 2024-06-21 21:00:11 auth.py: 242] Found 'credsStore' section
WARNING 2024-06-21 21:00:15 _internal.py: 97]  * Debugger is active!
INFO 2024-06-21 21:00:15 _internal.py: 97]  * Debugger PIN: 280-840-987
INFO 2024-06-21 21:00:15 _internal.py: 97] 127.0.0.1 - - [21/Jun/2024 21:00:15] "POST /evaluate HTTP/1.1" 200 -
INFO 2024-06-21 21:03:04 _internal.py: 97] 127.0.0.1 - - [21/Jun/2024 21:03:04] "[36mGET /evaluate?__debugger__=yes&cmd=resource&f=console.png HTTP/1.1[0m" 304 -
